<?xml version="1.0" encoding="UTF-8"?>
<!-- Generated by org.testng.reporters.JUnitReportReporter -->
<testsuite skipped="0" hostname="MTK-R900BW0H-L" name="scripts.LogIn" tests="2" failures="0" timestamp="19 Apr 2018 21:38:44 GMT" time="13.739" errors="0">
  <testcase name="loginWithValidCredential" time="8.025" classname="scripts.LogIn"/>
  <testcase name="loginWithInvalidCredential" time="5.714" classname="scripts.LogIn"/>
</testsuite> <!-- scripts.LogIn -->
